2025-03-19T12:50:30.865+09:00  INFO 16068 --- [ch06] [restartedMain] kr.co.ch06.Ch06Application               : Starting Ch06Application using Java 17.0.12 with PID 16068 (C:\Users\lotte6\Desktop\workspace\Spring\ch06\build\classes\java\main started by lotte6 in C:\Users\lotte6\Desktop\workspace\spring\ch06)
2025-03-19T12:50:30.870+09:00  INFO 16068 --- [ch06] [restartedMain] kr.co.ch06.Ch06Application               : No active profile set, falling back to 1 default profile: "default"
2025-03-19T12:50:30.911+09:00  INFO 16068 --- [ch06] [restartedMain] .e.DevToolsPropertyDefaultsPostProcessor : Devtools property defaults active! Set 'spring.devtools.add-properties' to 'false' to disable
2025-03-19T12:50:30.911+09:00  INFO 16068 --- [ch06] [restartedMain] .e.DevToolsPropertyDefaultsPostProcessor : For additional web related logging consider setting the 'logging.level.web' property to 'DEBUG'
2025-03-19T12:50:31.745+09:00  INFO 16068 --- [ch06] [restartedMain] o.s.b.w.embedded.tomcat.TomcatWebServer  : Tomcat initialized with port 8080 (http)
2025-03-19T12:50:31.756+09:00  INFO 16068 --- [ch06] [restartedMain] o.apache.catalina.core.StandardService   : Starting service [Tomcat]
2025-03-19T12:50:31.756+09:00  INFO 16068 --- [ch06] [restartedMain] o.apache.catalina.core.StandardEngine    : Starting Servlet engine: [Apache Tomcat/10.1.36]
2025-03-19T12:50:31.799+09:00  INFO 16068 --- [ch06] [restartedMain] o.a.c.c.C.[Tomcat].[localhost].[/ch06]   : Initializing Spring embedded WebApplicationContext
2025-03-19T12:50:31.800+09:00  INFO 16068 --- [ch06] [restartedMain] w.s.c.ServletWebServerApplicationContext : Root WebApplicationContext: initialization completed in 887 ms
2025-03-19T12:50:32.053+09:00  INFO 16068 --- [ch06] [restartedMain] o.s.b.a.w.s.WelcomePageHandlerMapping    : Adding welcome page template: index
2025-03-19T12:50:32.282+09:00  INFO 16068 --- [ch06] [restartedMain] o.s.b.d.a.OptionalLiveReloadServer       : LiveReload server is running on port 35729
2025-03-19T12:50:32.307+09:00  INFO 16068 --- [ch06] [restartedMain] o.s.b.w.embedded.tomcat.TomcatWebServer  : Tomcat started on port 8080 (http) with context path '/ch06'
2025-03-19T12:50:32.314+09:00  INFO 16068 --- [ch06] [restartedMain] kr.co.ch06.Ch06Application               : Started Ch06Application in 1.796 seconds (process running for 2.249)
2025-03-19T12:50:35.586+09:00  INFO 16068 --- [ch06] [http-nio-8080-exec-3] o.a.c.c.C.[Tomcat].[localhost].[/ch06]   : Initializing Spring DispatcherServlet 'dispatcherServlet'
2025-03-19T12:50:35.586+09:00  INFO 16068 --- [ch06] [http-nio-8080-exec-3] o.s.web.servlet.DispatcherServlet        : Initializing Servlet 'dispatcherServlet'
2025-03-19T12:50:35.587+09:00  INFO 16068 --- [ch06] [http-nio-8080-exec-3] o.s.web.servlet.DispatcherServlet        : Completed initialization in 1 ms
2025-03-19T12:53:07.232+09:00  INFO 16068 --- [ch06] [SpringApplicationShutdownHook] o.s.b.w.e.tomcat.GracefulShutdown        : Commencing graceful shutdown. Waiting for active requests to complete
2025-03-19T12:53:07.295+09:00  INFO 16068 --- [ch06] [tomcat-shutdown] o.s.b.w.e.tomcat.GracefulShutdown        : Graceful shutdown complete
2025-03-19T12:53:08.554+09:00  INFO 15600 --- [ch06] [restartedMain] kr.co.ch06.Ch06Application               : Starting Ch06Application using Java 17.0.12 with PID 15600 (C:\Users\lotte6\Desktop\workspace\Spring\ch06\build\classes\java\main started by lotte6 in C:\Users\lotte6\Desktop\workspace\spring\ch06)
2025-03-19T12:53:08.555+09:00  INFO 15600 --- [ch06] [restartedMain] kr.co.ch06.Ch06Application               : No active profile set, falling back to 1 default profile: "default"
2025-03-19T12:53:08.593+09:00  INFO 15600 --- [ch06] [restartedMain] .e.DevToolsPropertyDefaultsPostProcessor : Devtools property defaults active! Set 'spring.devtools.add-properties' to 'false' to disable
2025-03-19T12:53:08.593+09:00  INFO 15600 --- [ch06] [restartedMain] .e.DevToolsPropertyDefaultsPostProcessor : For additional web related logging consider setting the 'logging.level.web' property to 'DEBUG'
2025-03-19T12:53:09.392+09:00  INFO 15600 --- [ch06] [restartedMain] o.s.b.w.embedded.tomcat.TomcatWebServer  : Tomcat initialized with port 8080 (http)
2025-03-19T12:53:09.402+09:00  INFO 15600 --- [ch06] [restartedMain] o.apache.catalina.core.StandardService   : Starting service [Tomcat]
2025-03-19T12:53:09.402+09:00  INFO 15600 --- [ch06] [restartedMain] o.apache.catalina.core.StandardEngine    : Starting Servlet engine: [Apache Tomcat/10.1.36]
2025-03-19T12:53:09.435+09:00  INFO 15600 --- [ch06] [restartedMain] o.a.c.c.C.[Tomcat].[localhost].[/ch06]   : Initializing Spring embedded WebApplicationContext
2025-03-19T12:53:09.435+09:00  INFO 15600 --- [ch06] [restartedMain] w.s.c.ServletWebServerApplicationContext : Root WebApplicationContext: initialization completed in 842 ms
2025-03-19T12:53:09.656+09:00  INFO 15600 --- [ch06] [restartedMain] o.s.b.a.w.s.WelcomePageHandlerMapping    : Adding welcome page template: index
2025-03-19T12:53:09.875+09:00  INFO 15600 --- [ch06] [restartedMain] o.s.b.d.a.OptionalLiveReloadServer       : LiveReload server is running on port 35729
2025-03-19T12:53:09.900+09:00  INFO 15600 --- [ch06] [restartedMain] o.s.b.w.embedded.tomcat.TomcatWebServer  : Tomcat started on port 8080 (http) with context path '/ch06'
2025-03-19T12:53:09.908+09:00  INFO 15600 --- [ch06] [restartedMain] kr.co.ch06.Ch06Application               : Started Ch06Application in 1.714 seconds (process running for 2.2)
2025-03-19T12:53:15.826+09:00  INFO 15600 --- [ch06] [http-nio-8080-exec-1] o.a.c.c.C.[Tomcat].[localhost].[/ch06]   : Initializing Spring DispatcherServlet 'dispatcherServlet'
2025-03-19T12:53:15.826+09:00  INFO 15600 --- [ch06] [http-nio-8080-exec-1] o.s.web.servlet.DispatcherServlet        : Initializing Servlet 'dispatcherServlet'
2025-03-19T12:53:15.826+09:00  INFO 15600 --- [ch06] [http-nio-8080-exec-1] o.s.web.servlet.DispatcherServlet        : Completed initialization in 0 ms
2025-03-19T12:53:17.760+09:00  INFO 15600 --- [ch06] [SpringApplicationShutdownHook] o.s.b.w.e.tomcat.GracefulShutdown        : Commencing graceful shutdown. Waiting for active requests to complete
2025-03-19T12:53:17.823+09:00  INFO 15600 --- [ch06] [tomcat-shutdown] o.s.b.w.e.tomcat.GracefulShutdown        : Graceful shutdown complete
2025-03-19T12:53:19.058+09:00  INFO 6904 --- [ch06] [restartedMain] kr.co.ch06.Ch06Application               : Starting Ch06Application using Java 17.0.12 with PID 6904 (C:\Users\lotte6\Desktop\workspace\Spring\ch06\build\classes\java\main started by lotte6 in C:\Users\lotte6\Desktop\workspace\spring\ch06)
2025-03-19T12:53:19.060+09:00  INFO 6904 --- [ch06] [restartedMain] kr.co.ch06.Ch06Application               : No active profile set, falling back to 1 default profile: "default"
2025-03-19T12:53:19.097+09:00  INFO 6904 --- [ch06] [restartedMain] .e.DevToolsPropertyDefaultsPostProcessor : Devtools property defaults active! Set 'spring.devtools.add-properties' to 'false' to disable
2025-03-19T12:53:19.098+09:00  INFO 6904 --- [ch06] [restartedMain] .e.DevToolsPropertyDefaultsPostProcessor : For additional web related logging consider setting the 'logging.level.web' property to 'DEBUG'
2025-03-19T12:53:19.885+09:00  INFO 6904 --- [ch06] [restartedMain] o.s.b.w.embedded.tomcat.TomcatWebServer  : Tomcat initialized with port 8080 (http)
2025-03-19T12:53:19.894+09:00  INFO 6904 --- [ch06] [restartedMain] o.apache.catalina.core.StandardService   : Starting service [Tomcat]
2025-03-19T12:53:19.894+09:00  INFO 6904 --- [ch06] [restartedMain] o.apache.catalina.core.StandardEngine    : Starting Servlet engine: [Apache Tomcat/10.1.36]
2025-03-19T12:53:19.932+09:00  INFO 6904 --- [ch06] [restartedMain] o.a.c.c.C.[Tomcat].[localhost].[/ch06]   : Initializing Spring embedded WebApplicationContext
2025-03-19T12:53:19.932+09:00  INFO 6904 --- [ch06] [restartedMain] w.s.c.ServletWebServerApplicationContext : Root WebApplicationContext: initialization completed in 834 ms
2025-03-19T12:53:20.148+09:00  INFO 6904 --- [ch06] [restartedMain] o.s.b.a.w.s.WelcomePageHandlerMapping    : Adding welcome page template: index
2025-03-19T12:53:20.358+09:00  INFO 6904 --- [ch06] [restartedMain] o.s.b.d.a.OptionalLiveReloadServer       : LiveReload server is running on port 35729
2025-03-19T12:53:20.381+09:00  INFO 6904 --- [ch06] [restartedMain] o.s.b.w.embedded.tomcat.TomcatWebServer  : Tomcat started on port 8080 (http) with context path '/ch06'
2025-03-19T12:53:20.388+09:00  INFO 6904 --- [ch06] [restartedMain] kr.co.ch06.Ch06Application               : Started Ch06Application in 1.673 seconds (process running for 2.153)
2025-03-19T12:53:23.085+09:00  INFO 6904 --- [ch06] [http-nio-8080-exec-1] o.a.c.c.C.[Tomcat].[localhost].[/ch06]   : Initializing Spring DispatcherServlet 'dispatcherServlet'
2025-03-19T12:53:23.085+09:00  INFO 6904 --- [ch06] [http-nio-8080-exec-1] o.s.web.servlet.DispatcherServlet        : Initializing Servlet 'dispatcherServlet'
2025-03-19T12:53:23.086+09:00  INFO 6904 --- [ch06] [http-nio-8080-exec-1] o.s.web.servlet.DispatcherServlet        : Completed initialization in 0 ms
2025-03-19T12:54:34.778+09:00  INFO 6904 --- [ch06] [SpringApplicationShutdownHook] o.s.b.w.e.tomcat.GracefulShutdown        : Commencing graceful shutdown. Waiting for active requests to complete
2025-03-19T12:54:34.839+09:00  INFO 6904 --- [ch06] [tomcat-shutdown] o.s.b.w.e.tomcat.GracefulShutdown        : Graceful shutdown complete
2025-03-19T12:54:37.903+09:00  INFO 9032 --- [ch06] [restartedMain] kr.co.ch06.Ch06Application               : Starting Ch06Application using Java 17.0.12 with PID 9032 (C:\Users\lotte6\Desktop\workspace\Spring\ch06\build\classes\java\main started by lotte6 in C:\Users\lotte6\Desktop\workspace\spring\ch06)
2025-03-19T12:54:37.904+09:00  INFO 9032 --- [ch06] [restartedMain] kr.co.ch06.Ch06Application               : No active profile set, falling back to 1 default profile: "default"
2025-03-19T12:54:37.939+09:00  INFO 9032 --- [ch06] [restartedMain] .e.DevToolsPropertyDefaultsPostProcessor : Devtools property defaults active! Set 'spring.devtools.add-properties' to 'false' to disable
2025-03-19T12:54:37.939+09:00  INFO 9032 --- [ch06] [restartedMain] .e.DevToolsPropertyDefaultsPostProcessor : For additional web related logging consider setting the 'logging.level.web' property to 'DEBUG'
2025-03-19T12:54:38.736+09:00  INFO 9032 --- [ch06] [restartedMain] o.s.b.w.embedded.tomcat.TomcatWebServer  : Tomcat initialized with port 8080 (http)
2025-03-19T12:54:38.746+09:00  INFO 9032 --- [ch06] [restartedMain] o.apache.catalina.core.StandardService   : Starting service [Tomcat]
2025-03-19T12:54:38.746+09:00  INFO 9032 --- [ch06] [restartedMain] o.apache.catalina.core.StandardEngine    : Starting Servlet engine: [Apache Tomcat/10.1.36]
2025-03-19T12:54:38.781+09:00  INFO 9032 --- [ch06] [restartedMain] o.a.c.c.C.[Tomcat].[localhost].[/ch06]   : Initializing Spring embedded WebApplicationContext
2025-03-19T12:54:38.781+09:00  INFO 9032 --- [ch06] [restartedMain] w.s.c.ServletWebServerApplicationContext : Root WebApplicationContext: initialization completed in 842 ms
2025-03-19T12:54:38.998+09:00  INFO 9032 --- [ch06] [restartedMain] o.s.b.a.w.s.WelcomePageHandlerMapping    : Adding welcome page template: index
2025-03-19T12:54:39.210+09:00  INFO 9032 --- [ch06] [restartedMain] o.s.b.d.a.OptionalLiveReloadServer       : LiveReload server is running on port 35729
2025-03-19T12:54:39.233+09:00  INFO 9032 --- [ch06] [restartedMain] o.s.b.w.embedded.tomcat.TomcatWebServer  : Tomcat started on port 8080 (http) with context path '/ch06'
2025-03-19T12:54:39.240+09:00  INFO 9032 --- [ch06] [restartedMain] kr.co.ch06.Ch06Application               : Started Ch06Application in 1.677 seconds (process running for 2.122)
2025-03-19T12:54:50.040+09:00  INFO 9032 --- [ch06] [http-nio-8080-exec-3] o.a.c.c.C.[Tomcat].[localhost].[/ch06]   : Initializing Spring DispatcherServlet 'dispatcherServlet'
2025-03-19T12:54:50.040+09:00  INFO 9032 --- [ch06] [http-nio-8080-exec-3] o.s.web.servlet.DispatcherServlet        : Initializing Servlet 'dispatcherServlet'
2025-03-19T12:54:50.041+09:00  INFO 9032 --- [ch06] [http-nio-8080-exec-3] o.s.web.servlet.DispatcherServlet        : Completed initialization in 1 ms
2025-03-19T14:02:15.885+09:00  INFO 9032 --- [ch06] [SpringApplicationShutdownHook] o.s.b.w.e.tomcat.GracefulShutdown        : Commencing graceful shutdown. Waiting for active requests to complete
2025-03-19T14:02:15.948+09:00  INFO 9032 --- [ch06] [tomcat-shutdown] o.s.b.w.e.tomcat.GracefulShutdown        : Graceful shutdown complete
