2025-04-07T11:45:28.983+09:00  INFO 13208 --- [ch07] [restartedMain] kr.co.ch07.Ch07Application               : Starting Ch07Application using Java 17.0.12 with PID 13208 (C:\Users\lotte6\Desktop\workspace\Spring\ch07\build\classes\java\main started by lotte6 in C:\Users\lotte6\Desktop\workspace\Spring\ch07)
2025-04-07T11:45:28.990+09:00  INFO 13208 --- [ch07] [restartedMain] kr.co.ch07.Ch07Application               : No active profile set, falling back to 1 default profile: "default"
2025-04-07T11:45:29.044+09:00  INFO 13208 --- [ch07] [restartedMain] .e.DevToolsPropertyDefaultsPostProcessor : Devtools property defaults active! Set 'spring.devtools.add-properties' to 'false' to disable
2025-04-07T11:45:29.044+09:00  INFO 13208 --- [ch07] [restartedMain] .e.DevToolsPropertyDefaultsPostProcessor : For additional web related logging consider setting the 'logging.level.web' property to 'DEBUG'
2025-04-07T11:45:29.813+09:00  INFO 13208 --- [ch07] [restartedMain] .s.d.r.c.RepositoryConfigurationDelegate : Bootstrapping Spring Data JPA repositories in DEFAULT mode.
2025-04-07T11:45:29.901+09:00  INFO 13208 --- [ch07] [restartedMain] .s.d.r.c.RepositoryConfigurationDelegate : Finished Spring Data repository scanning in 76 ms. Found 9 JPA repository interfaces.
2025-04-07T11:45:30.552+09:00  INFO 13208 --- [ch07] [restartedMain] o.s.b.w.embedded.tomcat.TomcatWebServer  : Tomcat initialized with port 8080 (http)
2025-04-07T11:45:30.612+09:00  INFO 13208 --- [ch07] [restartedMain] w.s.c.ServletWebServerApplicationContext : Root WebApplicationContext: initialization completed in 1566 ms
2025-04-07T11:45:30.788+09:00  INFO 13208 --- [ch07] [restartedMain] o.hibernate.jpa.internal.util.LogHelper  : HHH000204: Processing PersistenceUnitInfo [name: default]
2025-04-07T11:45:30.858+09:00  INFO 13208 --- [ch07] [restartedMain] org.hibernate.Version                    : HHH000412: Hibernate ORM core version 6.6.8.Final
2025-04-07T11:45:30.899+09:00  INFO 13208 --- [ch07] [restartedMain] o.h.c.internal.RegionFactoryInitiator    : HHH000026: Second-level cache disabled
2025-04-07T11:45:31.206+09:00  INFO 13208 --- [ch07] [restartedMain] o.s.o.j.p.SpringPersistenceUnitInfo      : No LoadTimeWeaver setup: ignoring JPA class transformer
2025-04-07T11:45:31.246+09:00  INFO 13208 --- [ch07] [restartedMain] com.zaxxer.hikari.HikariDataSource       : HikariPool-1 - Starting...
2025-04-07T11:45:31.541+09:00  INFO 13208 --- [ch07] [restartedMain] com.zaxxer.hikari.pool.HikariPool        : HikariPool-1 - Added connection com.mysql.cj.jdbc.ConnectionImpl@70a0875e
2025-04-07T11:45:31.543+09:00  INFO 13208 --- [ch07] [restartedMain] com.zaxxer.hikari.HikariDataSource       : HikariPool-1 - Start completed.
2025-04-07T11:45:31.615+09:00  WARN 13208 --- [ch07] [restartedMain] org.hibernate.orm.deprecation            : HHH90000025: MySQLDialect does not need to be specified explicitly using 'hibernate.dialect' (remove the property setting and it will be selected by default)
2025-04-07T11:45:31.638+09:00  INFO 13208 --- [ch07] [restartedMain] org.hibernate.orm.connections.pooling    : HHH10001005: Database info:
	Database JDBC URL [Connecting through datasource 'HikariDataSource (HikariPool-1)']
	Database driver: undefined/unknown
	Database version: 8.4.3
	Autocommit mode: undefined/unknown
	Isolation level: undefined/unknown
	Minimum pool size: undefined/unknown
	Maximum pool size: undefined/unknown
2025-04-07T11:45:31.646+09:00 DEBUG 13208 --- [ch07] [restartedMain] o.h.t.d.sql.spi.DdlTypeRegistry          : addDescriptor(12, org.hibernate.type.descriptor.sql.internal.CapacityDependentDdlType@23c0dc3f) replaced previous registration(org.hibernate.type.descriptor.sql.internal.CapacityDependentDdlType@4c417825)
2025-04-07T11:45:31.647+09:00 DEBUG 13208 --- [ch07] [restartedMain] o.h.t.d.sql.spi.DdlTypeRegistry          : addDescriptor(-9, org.hibernate.type.descriptor.sql.internal.CapacityDependentDdlType@72d0c62) replaced previous registration(org.hibernate.type.descriptor.sql.internal.CapacityDependentDdlType@22ae1d99)
2025-04-07T11:45:31.647+09:00 DEBUG 13208 --- [ch07] [restartedMain] o.h.t.d.sql.spi.DdlTypeRegistry          : addDescriptor(-3, org.hibernate.type.descriptor.sql.internal.CapacityDependentDdlType@72a0cd7) replaced previous registration(org.hibernate.type.descriptor.sql.internal.CapacityDependentDdlType@406ddc47)
2025-04-07T11:45:31.647+09:00 DEBUG 13208 --- [ch07] [restartedMain] o.h.t.d.sql.spi.DdlTypeRegistry          : addDescriptor(4003, org.hibernate.type.descriptor.sql.internal.DdlTypeImpl@2fcc9634) replaced previous registration(org.hibernate.type.descriptor.sql.internal.DdlTypeImpl@7d5c0481)
2025-04-07T11:45:31.647+09:00 DEBUG 13208 --- [ch07] [restartedMain] o.h.t.d.sql.spi.DdlTypeRegistry          : addDescriptor(4001, org.hibernate.type.descriptor.sql.internal.DdlTypeImpl@2a47e349) replaced previous registration(org.hibernate.type.descriptor.sql.internal.DdlTypeImpl@4669da2)
2025-04-07T11:45:31.647+09:00 DEBUG 13208 --- [ch07] [restartedMain] o.h.t.d.sql.spi.DdlTypeRegistry          : addDescriptor(4002, org.hibernate.type.descriptor.sql.internal.DdlTypeImpl@4f50d62c) replaced previous registration(org.hibernate.type.descriptor.sql.internal.DdlTypeImpl@5235ab4b)
2025-04-07T11:45:31.648+09:00 DEBUG 13208 --- [ch07] [restartedMain] o.h.t.d.sql.spi.DdlTypeRegistry          : addDescriptor(2004, org.hibernate.type.descriptor.sql.internal.CapacityDependentDdlType@47fd57ef) replaced previous registration(org.hibernate.type.descriptor.sql.internal.DdlTypeImpl@7746493f)
2025-04-07T11:45:31.648+09:00 DEBUG 13208 --- [ch07] [restartedMain] o.h.t.d.sql.spi.DdlTypeRegistry          : addDescriptor(2005, org.hibernate.type.descriptor.sql.internal.CapacityDependentDdlType@3e6e004d) replaced previous registration(org.hibernate.type.descriptor.sql.internal.DdlTypeImpl@41fe9b38)
2025-04-07T11:45:31.648+09:00 DEBUG 13208 --- [ch07] [restartedMain] o.h.t.d.sql.spi.DdlTypeRegistry          : addDescriptor(2011, org.hibernate.type.descriptor.sql.internal.CapacityDependentDdlType@6c91eec7) replaced previous registration(org.hibernate.type.descriptor.sql.internal.DdlTypeImpl@295b4ddb)
2025-04-07T11:45:32.770+09:00  INFO 13208 --- [ch07] [restartedMain] o.h.e.t.j.p.i.JtaPlatformInitiator       : HHH000489: No JTA platform available (set 'hibernate.transaction.jta.platform' to enable JTA platform integration)
2025-04-07T11:45:33.104+09:00  INFO 13208 --- [ch07] [restartedMain] j.LocalContainerEntityManagerFactoryBean : Initialized JPA EntityManagerFactory for persistence unit 'default'
2025-04-07T11:45:33.410+09:00  INFO 13208 --- [ch07] [restartedMain] o.s.d.j.r.query.QueryEnhancerFactory     : Hibernate is in classpath; If applicable, HQL parser will be used.
2025-04-07T11:45:34.053+09:00  WARN 13208 --- [ch07] [restartedMain] JpaBaseConfiguration$JpaWebConfiguration : spring.jpa.open-in-view is enabled by default. Therefore, database queries may be performed during view rendering. Explicitly configure spring.jpa.open-in-view to disable this warning
2025-04-07T11:45:34.073+09:00  INFO 13208 --- [ch07] [restartedMain] o.s.b.a.w.s.WelcomePageHandlerMapping    : Adding welcome page template: index
2025-04-07T11:45:34.443+09:00  INFO 13208 --- [ch07] [restartedMain] o.s.b.d.a.OptionalLiveReloadServer       : LiveReload server is running on port 35729
2025-04-07T11:45:34.481+09:00  INFO 13208 --- [ch07] [restartedMain] o.s.b.w.embedded.tomcat.TomcatWebServer  : Tomcat started on port 8080 (http) with context path '/ch07'
2025-04-07T11:45:34.488+09:00  INFO 13208 --- [ch07] [restartedMain] kr.co.ch07.Ch07Application               : Started Ch07Application in 6.013 seconds (process running for 7.16)
2025-04-07T11:45:34.490+09:00  INFO 13208 --- [ch07] [SpringApplicationShutdownHook] o.s.b.w.e.tomcat.GracefulShutdown        : Commencing graceful shutdown. Waiting for active requests to complete
2025-04-07T11:45:34.590+09:00  INFO 13208 --- [ch07] [tomcat-shutdown] o.s.b.w.e.tomcat.GracefulShutdown        : Graceful shutdown complete
2025-04-07T11:45:34.593+09:00  INFO 13208 --- [ch07] [SpringApplicationShutdownHook] j.LocalContainerEntityManagerFactoryBean : Closing JPA EntityManagerFactory for persistence unit 'default'
2025-04-07T11:45:34.596+09:00  INFO 13208 --- [ch07] [SpringApplicationShutdownHook] com.zaxxer.hikari.HikariDataSource       : HikariPool-1 - Shutdown initiated...
2025-04-07T11:45:34.602+09:00  INFO 13208 --- [ch07] [SpringApplicationShutdownHook] com.zaxxer.hikari.HikariDataSource       : HikariPool-1 - Shutdown completed.
2025-04-07T14:03:14.228+09:00  INFO 2856 --- [ch07] [restartedMain] kr.co.ch07.Ch07Application               : Starting Ch07Application using Java 17.0.12 with PID 2856 (C:\Users\lotte6\Desktop\workspace\Spring\ch07\build\classes\java\main started by lotte6 in C:\Users\lotte6\Desktop\workspace\Spring\ch07)
2025-04-07T14:03:14.230+09:00  INFO 2856 --- [ch07] [restartedMain] kr.co.ch07.Ch07Application               : No active profile set, falling back to 1 default profile: "default"
2025-04-07T14:03:14.269+09:00  INFO 2856 --- [ch07] [restartedMain] .e.DevToolsPropertyDefaultsPostProcessor : Devtools property defaults active! Set 'spring.devtools.add-properties' to 'false' to disable
2025-04-07T14:03:14.270+09:00  INFO 2856 --- [ch07] [restartedMain] .e.DevToolsPropertyDefaultsPostProcessor : For additional web related logging consider setting the 'logging.level.web' property to 'DEBUG'
2025-04-07T14:03:14.847+09:00  INFO 2856 --- [ch07] [restartedMain] .s.d.r.c.RepositoryConfigurationDelegate : Bootstrapping Spring Data JPA repositories in DEFAULT mode.
2025-04-07T14:03:14.927+09:00  INFO 2856 --- [ch07] [restartedMain] .s.d.r.c.RepositoryConfigurationDelegate : Finished Spring Data repository scanning in 70 ms. Found 9 JPA repository interfaces.
2025-04-07T14:03:15.415+09:00  INFO 2856 --- [ch07] [restartedMain] o.s.b.w.embedded.tomcat.TomcatWebServer  : Tomcat initialized with port 8080 (http)
2025-04-07T14:03:15.426+09:00  INFO 2856 --- [ch07] [restartedMain] o.apache.catalina.core.StandardService   : Starting service [Tomcat]
2025-04-07T14:03:15.426+09:00  INFO 2856 --- [ch07] [restartedMain] o.apache.catalina.core.StandardEngine    : Starting Servlet engine: [Apache Tomcat/10.1.36]
2025-04-07T14:03:15.470+09:00  INFO 2856 --- [ch07] [restartedMain] o.a.c.c.C.[Tomcat].[localhost].[/ch07]   : Initializing Spring embedded WebApplicationContext
2025-04-07T14:03:15.470+09:00  INFO 2856 --- [ch07] [restartedMain] w.s.c.ServletWebServerApplicationContext : Root WebApplicationContext: initialization completed in 1200 ms
2025-04-07T14:03:15.597+09:00  INFO 2856 --- [ch07] [restartedMain] o.hibernate.jpa.internal.util.LogHelper  : HHH000204: Processing PersistenceUnitInfo [name: default]
2025-04-07T14:03:15.644+09:00  INFO 2856 --- [ch07] [restartedMain] org.hibernate.Version                    : HHH000412: Hibernate ORM core version 6.6.8.Final
2025-04-07T14:03:15.679+09:00  INFO 2856 --- [ch07] [restartedMain] o.h.c.internal.RegionFactoryInitiator    : HHH000026: Second-level cache disabled
2025-04-07T14:03:15.951+09:00  INFO 2856 --- [ch07] [restartedMain] o.s.o.j.p.SpringPersistenceUnitInfo      : No LoadTimeWeaver setup: ignoring JPA class transformer
2025-04-07T14:03:15.978+09:00  INFO 2856 --- [ch07] [restartedMain] com.zaxxer.hikari.HikariDataSource       : HikariPool-1 - Starting...
2025-04-07T14:03:16.210+09:00  INFO 2856 --- [ch07] [restartedMain] com.zaxxer.hikari.pool.HikariPool        : HikariPool-1 - Added connection com.mysql.cj.jdbc.ConnectionImpl@48440dce
2025-04-07T14:03:16.212+09:00  INFO 2856 --- [ch07] [restartedMain] com.zaxxer.hikari.HikariDataSource       : HikariPool-1 - Start completed.
2025-04-07T14:03:16.256+09:00  WARN 2856 --- [ch07] [restartedMain] org.hibernate.orm.deprecation            : HHH90000025: MySQLDialect does not need to be specified explicitly using 'hibernate.dialect' (remove the property setting and it will be selected by default)
2025-04-07T14:03:16.275+09:00  INFO 2856 --- [ch07] [restartedMain] org.hibernate.orm.connections.pooling    : HHH10001005: Database info:
	Database JDBC URL [Connecting through datasource 'HikariDataSource (HikariPool-1)']
	Database driver: undefined/unknown
	Database version: 8.4.3
	Autocommit mode: undefined/unknown
	Isolation level: undefined/unknown
	Minimum pool size: undefined/unknown
	Maximum pool size: undefined/unknown
2025-04-07T14:03:16.281+09:00 DEBUG 2856 --- [ch07] [restartedMain] o.h.t.d.sql.spi.DdlTypeRegistry          : addDescriptor(12, org.hibernate.type.descriptor.sql.internal.CapacityDependentDdlType@13d09c60) replaced previous registration(org.hibernate.type.descriptor.sql.internal.CapacityDependentDdlType@39aee871)
2025-04-07T14:03:16.281+09:00 DEBUG 2856 --- [ch07] [restartedMain] o.h.t.d.sql.spi.DdlTypeRegistry          : addDescriptor(-9, org.hibernate.type.descriptor.sql.internal.CapacityDependentDdlType@7144dc44) replaced previous registration(org.hibernate.type.descriptor.sql.internal.CapacityDependentDdlType@8370813)
2025-04-07T14:03:16.282+09:00 DEBUG 2856 --- [ch07] [restartedMain] o.h.t.d.sql.spi.DdlTypeRegistry          : addDescriptor(-3, org.hibernate.type.descriptor.sql.internal.CapacityDependentDdlType@1f13b6e9) replaced previous registration(org.hibernate.type.descriptor.sql.internal.CapacityDependentDdlType@51b0281a)
2025-04-07T14:03:16.282+09:00 DEBUG 2856 --- [ch07] [restartedMain] o.h.t.d.sql.spi.DdlTypeRegistry          : addDescriptor(4003, org.hibernate.type.descriptor.sql.internal.DdlTypeImpl@6c16894) replaced previous registration(org.hibernate.type.descriptor.sql.internal.DdlTypeImpl@36868fcf)
2025-04-07T14:03:16.282+09:00 DEBUG 2856 --- [ch07] [restartedMain] o.h.t.d.sql.spi.DdlTypeRegistry          : addDescriptor(4001, org.hibernate.type.descriptor.sql.internal.DdlTypeImpl@3420d308) replaced previous registration(org.hibernate.type.descriptor.sql.internal.DdlTypeImpl@6480dd6e)
2025-04-07T14:03:16.282+09:00 DEBUG 2856 --- [ch07] [restartedMain] o.h.t.d.sql.spi.DdlTypeRegistry          : addDescriptor(4002, org.hibernate.type.descriptor.sql.internal.DdlTypeImpl@69089ca2) replaced previous registration(org.hibernate.type.descriptor.sql.internal.DdlTypeImpl@6bf29ebb)
2025-04-07T14:03:16.282+09:00 DEBUG 2856 --- [ch07] [restartedMain] o.h.t.d.sql.spi.DdlTypeRegistry          : addDescriptor(2004, org.hibernate.type.descriptor.sql.internal.CapacityDependentDdlType@5978b85e) replaced previous registration(org.hibernate.type.descriptor.sql.internal.DdlTypeImpl@3b7175b2)
2025-04-07T14:03:16.282+09:00 DEBUG 2856 --- [ch07] [restartedMain] o.h.t.d.sql.spi.DdlTypeRegistry          : addDescriptor(2005, org.hibernate.type.descriptor.sql.internal.CapacityDependentDdlType@16b113f2) replaced previous registration(org.hibernate.type.descriptor.sql.internal.DdlTypeImpl@694950d9)
2025-04-07T14:03:16.282+09:00 DEBUG 2856 --- [ch07] [restartedMain] o.h.t.d.sql.spi.DdlTypeRegistry          : addDescriptor(2011, org.hibernate.type.descriptor.sql.internal.CapacityDependentDdlType@756fbfe6) replaced previous registration(org.hibernate.type.descriptor.sql.internal.DdlTypeImpl@4503881c)
2025-04-07T14:03:17.250+09:00  INFO 2856 --- [ch07] [restartedMain] o.h.e.t.j.p.i.JtaPlatformInitiator       : HHH000489: No JTA platform available (set 'hibernate.transaction.jta.platform' to enable JTA platform integration)
2025-04-07T14:03:17.342+09:00  INFO 2856 --- [ch07] [restartedMain] j.LocalContainerEntityManagerFactoryBean : Initialized JPA EntityManagerFactory for persistence unit 'default'
2025-04-07T14:03:17.614+09:00  INFO 2856 --- [ch07] [restartedMain] o.s.d.j.r.query.QueryEnhancerFactory     : Hibernate is in classpath; If applicable, HQL parser will be used.
2025-04-07T14:03:18.201+09:00  WARN 2856 --- [ch07] [restartedMain] JpaBaseConfiguration$JpaWebConfiguration : spring.jpa.open-in-view is enabled by default. Therefore, database queries may be performed during view rendering. Explicitly configure spring.jpa.open-in-view to disable this warning
2025-04-07T14:03:18.220+09:00  INFO 2856 --- [ch07] [restartedMain] o.s.b.a.w.s.WelcomePageHandlerMapping    : Adding welcome page template: index
2025-04-07T14:03:18.556+09:00  INFO 2856 --- [ch07] [restartedMain] o.s.b.d.a.OptionalLiveReloadServer       : LiveReload server is running on port 35729
2025-04-07T14:03:18.585+09:00  INFO 2856 --- [ch07] [restartedMain] o.s.b.w.embedded.tomcat.TomcatWebServer  : Tomcat started on port 8080 (http) with context path '/ch07'
2025-04-07T14:03:18.592+09:00  INFO 2856 --- [ch07] [restartedMain] kr.co.ch07.Ch07Application               : Started Ch07Application in 4.786 seconds (process running for 5.304)
2025-04-07T14:03:55.942+09:00  INFO 2856 --- [ch07] [SpringApplicationShutdownHook] o.s.b.w.e.tomcat.GracefulShutdown        : Commencing graceful shutdown. Waiting for active requests to complete
2025-04-07T14:03:56.039+09:00  INFO 2856 --- [ch07] [tomcat-shutdown] o.s.b.w.e.tomcat.GracefulShutdown        : Graceful shutdown complete
2025-04-07T14:03:56.042+09:00  INFO 2856 --- [ch07] [SpringApplicationShutdownHook] j.LocalContainerEntityManagerFactoryBean : Closing JPA EntityManagerFactory for persistence unit 'default'
2025-04-07T14:03:56.044+09:00  INFO 2856 --- [ch07] [SpringApplicationShutdownHook] com.zaxxer.hikari.HikariDataSource       : HikariPool-1 - Shutdown initiated...
2025-04-07T14:03:56.050+09:00  INFO 2856 --- [ch07] [SpringApplicationShutdownHook] com.zaxxer.hikari.HikariDataSource       : HikariPool-1 - Shutdown completed.
