2025-03-21T16:05:34.065+09:00  INFO 16352 --- [ch09] [restartedMain] kr.co.ch09.Ch09Application               : Starting Ch09Application using Java 17.0.12 with PID 16352 (C:\Users\lotte6\Desktop\workspace\Spring\ch09\build\classes\java\main started by lotte6 in C:\Users\lotte6\Desktop\workspace\Spring\ch09)
2025-03-21T16:05:34.070+09:00  INFO 16352 --- [ch09] [restartedMain] kr.co.ch09.Ch09Application               : No active profile set, falling back to 1 default profile: "default"
2025-03-21T16:05:34.107+09:00  INFO 16352 --- [ch09] [restartedMain] .e.DevToolsPropertyDefaultsPostProcessor : Devtools property defaults active! Set 'spring.devtools.add-properties' to 'false' to disable
2025-03-21T16:05:34.107+09:00  INFO 16352 --- [ch09] [restartedMain] .e.DevToolsPropertyDefaultsPostProcessor : For additional web related logging consider setting the 'logging.level.web' property to 'DEBUG'
2025-03-21T16:05:34.643+09:00  INFO 16352 --- [ch09] [restartedMain] .s.d.r.c.RepositoryConfigurationDelegate : Bootstrapping Spring Data JPA repositories in DEFAULT mode.
2025-03-21T16:05:34.691+09:00  INFO 16352 --- [ch09] [restartedMain] .s.d.r.c.RepositoryConfigurationDelegate : Finished Spring Data repository scanning in 40 ms. Found 3 JPA repository interfaces.
2025-03-21T16:05:35.099+09:00  INFO 16352 --- [ch09] [restartedMain] o.s.b.w.embedded.tomcat.TomcatWebServer  : Tomcat initialized with port 8080 (http)
2025-03-21T16:05:35.110+09:00  INFO 16352 --- [ch09] [restartedMain] o.apache.catalina.core.StandardService   : Starting service [Tomcat]
2025-03-21T16:05:35.110+09:00  INFO 16352 --- [ch09] [restartedMain] o.apache.catalina.core.StandardEngine    : Starting Servlet engine: [Apache Tomcat/10.1.36]
2025-03-21T16:05:35.150+09:00  INFO 16352 --- [ch09] [restartedMain] o.a.c.c.C.[Tomcat].[localhost].[/ch09]   : Initializing Spring embedded WebApplicationContext
2025-03-21T16:05:35.150+09:00  INFO 16352 --- [ch09] [restartedMain] w.s.c.ServletWebServerApplicationContext : Root WebApplicationContext: initialization completed in 1042 ms
2025-03-21T16:05:35.270+09:00  INFO 16352 --- [ch09] [restartedMain] o.hibernate.jpa.internal.util.LogHelper  : HHH000204: Processing PersistenceUnitInfo [name: default]
2025-03-21T16:05:35.317+09:00  INFO 16352 --- [ch09] [restartedMain] org.hibernate.Version                    : HHH000412: Hibernate ORM core version 6.6.8.Final
2025-03-21T16:05:35.351+09:00  INFO 16352 --- [ch09] [restartedMain] o.h.c.internal.RegionFactoryInitiator    : HHH000026: Second-level cache disabled
2025-03-21T16:05:35.606+09:00  INFO 16352 --- [ch09] [restartedMain] o.s.o.j.p.SpringPersistenceUnitInfo      : No LoadTimeWeaver setup: ignoring JPA class transformer
2025-03-21T16:05:35.632+09:00  INFO 16352 --- [ch09] [restartedMain] com.zaxxer.hikari.HikariDataSource       : HikariPool-1 - Starting...
2025-03-21T16:05:35.858+09:00  INFO 16352 --- [ch09] [restartedMain] com.zaxxer.hikari.pool.HikariPool        : HikariPool-1 - Added connection com.mysql.cj.jdbc.ConnectionImpl@6a30262
2025-03-21T16:05:35.859+09:00  INFO 16352 --- [ch09] [restartedMain] com.zaxxer.hikari.HikariDataSource       : HikariPool-1 - Start completed.
2025-03-21T16:05:35.899+09:00  WARN 16352 --- [ch09] [restartedMain] org.hibernate.orm.deprecation            : HHH90000025: MySQLDialect does not need to be specified explicitly using 'hibernate.dialect' (remove the property setting and it will be selected by default)
2025-03-21T16:05:35.914+09:00  INFO 16352 --- [ch09] [restartedMain] org.hibernate.orm.connections.pooling    : HHH10001005: Database info:
	Database JDBC URL [Connecting through datasource 'HikariDataSource (HikariPool-1)']
	Database driver: undefined/unknown
	Database version: 8.4.3
	Autocommit mode: undefined/unknown
	Isolation level: undefined/unknown
	Minimum pool size: undefined/unknown
	Maximum pool size: undefined/unknown
2025-03-21T16:05:36.652+09:00  INFO 16352 --- [ch09] [restartedMain] o.h.e.t.j.p.i.JtaPlatformInitiator       : HHH000489: No JTA platform available (set 'hibernate.transaction.jta.platform' to enable JTA platform integration)
2025-03-21T16:05:36.696+09:00  INFO 16352 --- [ch09] [restartedMain] j.LocalContainerEntityManagerFactoryBean : Initialized JPA EntityManagerFactory for persistence unit 'default'
2025-03-21T16:05:36.910+09:00  WARN 16352 --- [ch09] [restartedMain] JpaBaseConfiguration$JpaWebConfiguration : spring.jpa.open-in-view is enabled by default. Therefore, database queries may be performed during view rendering. Explicitly configure spring.jpa.open-in-view to disable this warning
2025-03-21T16:05:36.927+09:00  INFO 16352 --- [ch09] [restartedMain] o.s.b.a.w.s.WelcomePageHandlerMapping    : Adding welcome page template: index
2025-03-21T16:05:37.199+09:00  INFO 16352 --- [ch09] [restartedMain] o.s.b.d.a.OptionalLiveReloadServer       : LiveReload server is running on port 35729
2025-03-21T16:05:37.226+09:00  INFO 16352 --- [ch09] [restartedMain] o.s.b.w.embedded.tomcat.TomcatWebServer  : Tomcat started on port 8080 (http) with context path '/ch09'
2025-03-21T16:05:37.232+09:00  INFO 16352 --- [ch09] [restartedMain] kr.co.ch09.Ch09Application               : Started Ch09Application in 3.548 seconds (process running for 4.043)
2025-03-21T16:05:37.445+09:00  INFO 16352 --- [ch09] [http-nio-8080-exec-3] o.a.c.c.C.[Tomcat].[localhost].[/ch09]   : Initializing Spring DispatcherServlet 'dispatcherServlet'
2025-03-21T16:05:37.446+09:00  INFO 16352 --- [ch09] [http-nio-8080-exec-3] o.s.web.servlet.DispatcherServlet        : Initializing Servlet 'dispatcherServlet'
2025-03-21T16:05:37.447+09:00  INFO 16352 --- [ch09] [http-nio-8080-exec-3] o.s.web.servlet.DispatcherServlet        : Completed initialization in 1 ms
2025-03-21T16:05:46.722+09:00  INFO 16352 --- [ch09] [SpringApplicationShutdownHook] o.s.b.w.e.tomcat.GracefulShutdown        : Commencing graceful shutdown. Waiting for active requests to complete
2025-03-21T16:05:46.785+09:00  INFO 16352 --- [ch09] [tomcat-shutdown] o.s.b.w.e.tomcat.GracefulShutdown        : Graceful shutdown complete
2025-03-21T16:05:46.788+09:00  INFO 16352 --- [ch09] [SpringApplicationShutdownHook] j.LocalContainerEntityManagerFactoryBean : Closing JPA EntityManagerFactory for persistence unit 'default'
2025-03-21T16:05:46.791+09:00  INFO 16352 --- [ch09] [SpringApplicationShutdownHook] com.zaxxer.hikari.HikariDataSource       : HikariPool-1 - Shutdown initiated...
2025-03-21T16:05:46.795+09:00  INFO 16352 --- [ch09] [SpringApplicationShutdownHook] com.zaxxer.hikari.HikariDataSource       : HikariPool-1 - Shutdown completed.
